{
  "RSpec": {
    "coverage": {
      "/Users/gheorghepopescu/workspace/personal_projects/mentors4me/mentors4me_api/app/channels/application_cable/channel.rb": [
        1,
        1,
        null,
        null
      ],
      "/Users/gheorghepopescu/workspace/personal_projects/mentors4me/mentors4me_api/app/channels/application_cable/connection.rb": [
        1,
        1,
        null,
        null
      ],
      "/Users/gheorghepopescu/workspace/personal_projects/mentors4me/mentors4me_api/app/controllers/api/base_controller.rb": [
        1,
        1,
        null,
        null,
        null,
        null,
        1,
        1,
        null,
        null,
        null,
        null,
        1,
        0,
        0,
        null,
        null,
        null,
        null,
        null,
        null,
        null,
        null,
        null,
        null,
        null,
        null,
        null,
        null,
        null,
        null,
        null,
        null,
        1,
        null,
        null,
        null,
        null,
        null,
        null,
        null,
        null,
        null,
        1,
        0,
        0,
        0,
        0,
        0,
        null,
        0,
        null,
        0,
        0,
        null,
        0,
        null,
        null,
        null,
        null,
        null,
        null,
        null,
        1,
        0,
        null,
        null,
        null,
        null,
        null,
        1,
        0,
        0,
        0,
        null,
        0,
        null,
        null,
        null
      ],
      "/Users/gheorghepopescu/workspace/personal_projects/mentors4me/mentors4me_api/app/controllers/application_controller.rb": [
        1,
        null
      ],
      "/Users/gheorghepopescu/workspace/personal_projects/mentors4me/mentors4me_api/app/controllers/concerns/authenticable.rb": [
        1,
        null,
        null,
        1,
        0,
        null,
        null,
        null,
        null,
        1,
        0,
        0,
        null,
        null,
        null,
        null,
        null,
        1,
        0,
        0,
        0,
        0,
        null,
        null,
        null,
        null,
        1,
        0,
        null,
        null
      ],
      "/Users/gheorghepopescu/workspace/personal_projects/mentors4me/mentors4me_api/app/jobs/application_job.rb": [
        1,
        null
      ],
      "/Users/gheorghepopescu/workspace/personal_projects/mentors4me/mentors4me_api/app/mailers/application_mailer.rb": [
        1,
        1,
        1,
        null
      ],
      "/Users/gheorghepopescu/workspace/personal_projects/mentors4me/mentors4me_api/app/models/context.rb": [
        1,
        1,
        null
      ],
      "/Users/gheorghepopescu/workspace/personal_projects/mentors4me/mentors4me_api/app/models/profile.rb": [
        1,
        1,
        null
      ],
      "/Users/gheorghepopescu/workspace/personal_projects/mentors4me/mentors4me_api/spec/models/context_spec.rb": [
        1,
        null,
        1,
        1,
        null
      ],
      "/Users/gheorghepopescu/workspace/personal_projects/mentors4me/mentors4me_api/spec/rails_helper.rb": [
        null,
        1,
        1,
        null,
        1,
        1,
        1,
        null,
        null,
        null,
        null,
        null,
        null,
        null,
        null,
        null,
        null,
        null,
        null,
        null,
        null,
        null,
        null,
        null,
        null,
        null,
        1,
        null,
        1,
        null,
        1,
        null,
        null,
        null,
        null,
        1,
        null,
        null,
        null,
        null,
        null,
        null,
        null,
        null,
        null,
        null,
        null,
        null,
        null,
        null,
        1,
        null,
        null,
        1,
        null,
        null,
        null
      ],
      "/Users/gheorghepopescu/workspace/personal_projects/mentors4me/mentors4me_api/spec/models/profile_spec.rb": [
        1,
        null,
        1,
        1,
        null
      ]
    },
    "timestamp": 1479316691
  }
}
